2021-12-13 13:12:213 INFO  ManageDriver :31 - Launching Chrome Browser
2021-12-13 13:12:630 INFO  HomePage :35 - Clicking on SignIn Link : [[ChromeDriver: chrome on WINDOWS (0c3b33339a8c2bb096efd622225114ac)] -> xpath: //a[normalize-space()='Sign in']]
2021-12-13 13:12:672 INFO  SignInPage :53 - Verify Text displayed  : Authentication[[ChromeDriver: chrome on WINDOWS (0c3b33339a8c2bb096efd622225114ac)] -> xpath: //h1[normalize-space()='Authentication']]
2021-12-13 13:12:703 INFO  ManageDriver :31 - Launching Chrome Browser
2021-12-13 13:12:844 INFO  HomePage :35 - Clicking on SignIn Link : [[ChromeDriver: chrome on WINDOWS (b9da18326c54290033999e1a7925157a)] -> xpath: //a[normalize-space()='Sign in']]
2021-12-13 13:12:09 INFO  ManageDriver :31 - Launching Chrome Browser
2021-12-13 13:12:894 INFO  HomePage :35 - Clicking on SignIn Link : [[ChromeDriver: chrome on WINDOWS (e5e13fba2cbb4edffcc3b83b927fd4dd)] -> xpath: //a[normalize-space()='Sign in']]
2021-12-13 13:12:987 INFO  ManageDriver :31 - Launching Chrome Browser
2021-12-13 13:12:838 INFO  HomePage :35 - Clicking on SignIn Link : [[ChromeDriver: chrome on WINDOWS (2607bda0d4e0bf09c270ee1617f7c66b)] -> xpath: //a[normalize-space()='Sign in']]
2021-12-13 13:12:965 INFO  ManageDriver :31 - Launching Chrome Browser
2021-12-13 13:12:169 INFO  HomePage :35 - Clicking on SignIn Link : [[ChromeDriver: chrome on WINDOWS (4d751ed593930be5a7c4f292afbcb566)] -> xpath: //a[normalize-space()='Sign in']]
2021-12-13 13:12:122 INFO  ManageDriver :31 - Launching Chrome Browser
2021-12-13 13:12:863 INFO  HomePage :35 - Clicking on SignIn Link : [[ChromeDriver: chrome on WINDOWS (abdca4db9147197408bf68150e3828f1)] -> xpath: //a[normalize-space()='Sign in']]
2021-12-13 13:12:905 INFO  SignInPage :53 - Verify Text displayed  : Authentication[[ChromeDriver: chrome on WINDOWS (abdca4db9147197408bf68150e3828f1)] -> xpath: //h1[normalize-space()='Authentication']]
2021-12-13 13:12:946 INFO  ManageDriver :31 - Launching Chrome Browser
2021-12-13 13:12:519 INFO  HomePage :35 - Clicking on SignIn Link : [[ChromeDriver: chrome on WINDOWS (2a83a090399b193e66a8b07a29cdb481)] -> xpath: //a[normalize-space()='Sign in']]
2021-12-13 13:12:660 INFO  ManageDriver :31 - Launching Chrome Browser
2021-12-13 13:12:418 INFO  ManageDriver :31 - Launching Chrome Browser
2021-12-13 13:12:513 INFO  HomePage :35 - Clicking on SignIn Link : [[ChromeDriver: chrome on WINDOWS (8d297a0262288aa87b3639a9339a5bac)] -> xpath: //a[normalize-space()='Sign in']]
2021-12-13 13:12:552 INFO  SignInPage :53 - Verify Text displayed  : Authentication[[ChromeDriver: chrome on WINDOWS (8d297a0262288aa87b3639a9339a5bac)] -> xpath: //h1[normalize-space()='Authentication']]
2021-12-13 13:12:592 INFO  ManageDriver :31 - Launching Chrome Browser
2021-12-13 13:12:77 INFO  HomePage :35 - Clicking on SignIn Link : [[ChromeDriver: chrome on WINDOWS (db7aa65beb92f9dc0bf611b84768f751)] -> xpath: //a[normalize-space()='Sign in']]
2021-12-13 13:12:200 INFO  ManageDriver :31 - Launching Chrome Browser
2021-12-13 13:12:345 INFO  HomePage :35 - Clicking on SignIn Link : [[ChromeDriver: chrome on WINDOWS (6234860a057075bd71faf2a35d370f71)] -> xpath: //a[normalize-space()='Sign in']]
2021-12-13 13:12:193 INFO  ManageDriver :31 - Launching Chrome Browser
2021-12-13 13:12:345 INFO  HomePage :35 - Clicking on SignIn Link : [[ChromeDriver: chrome on WINDOWS (13083b725bdbb062aa678b7542fe33db)] -> xpath: //a[normalize-space()='Sign in']]
2021-12-13 13:12:395 INFO  SignInPage :53 - Verify Text displayed  : Authentication[[ChromeDriver: chrome on WINDOWS (13083b725bdbb062aa678b7542fe33db)] -> xpath: //h1[normalize-space()='Authentication']]
2021-12-13 13:12:420 INFO  ManageDriver :31 - Launching Chrome Browser
2021-12-13 13:12:206 INFO  HomePage :35 - Clicking on SignIn Link : [[ChromeDriver: chrome on WINDOWS (34888fdf4d568330fdafc0f3d0213e8f)] -> xpath: //a[normalize-space()='Sign in']]
2021-12-13 13:12:278 INFO  SignInPage :63 - Using wrong Email credential  : [[ChromeDriver: chrome on WINDOWS (34888fdf4d568330fdafc0f3d0213e8f)] -> xpath: //input[@id='email']]
2021-12-13 13:12:392 INFO  SignInPage :68 - Using wrong Password credential   : 123456[[ChromeDriver: chrome on WINDOWS (34888fdf4d568330fdafc0f3d0213e8f)] -> xpath: //input[@id='passwd']]
2021-12-13 13:12:480 INFO  SignInPage :58 - Click SignIn  : [[ChromeDriver: chrome on WINDOWS (34888fdf4d568330fdafc0f3d0213e8f)] -> xpath: //span[normalize-space()='Sign in']]
2021-12-13 13:12:521 INFO  SignInPage :73 - Verify Error : An email address required.[[ChromeDriver: chrome on WINDOWS (34888fdf4d568330fdafc0f3d0213e8f)] -> xpath: //div[@class='alert alert-danger']//ol]
2021-12-13 13:12:541 INFO  ManageDriver :31 - Launching Chrome Browser
2021-12-13 13:12:899 INFO  HomePage :35 - Clicking on SignIn Link : [[ChromeDriver: chrome on WINDOWS (6c74bcc4e5382ef6a0950cf3f3103746)] -> xpath: //a[normalize-space()='Sign in']]
2021-12-13 13:12:05 INFO  SignInPage :63 - Using wrong Email credential  : abcd@gmail.com[[ChromeDriver: chrome on WINDOWS (6c74bcc4e5382ef6a0950cf3f3103746)] -> xpath: //input[@id='email']]
2021-12-13 13:12:100 INFO  SignInPage :68 - Using wrong Password credential   : [[ChromeDriver: chrome on WINDOWS (6c74bcc4e5382ef6a0950cf3f3103746)] -> xpath: //input[@id='passwd']]
2021-12-13 13:12:383 INFO  SignInPage :58 - Click SignIn  : [[ChromeDriver: chrome on WINDOWS (6c74bcc4e5382ef6a0950cf3f3103746)] -> xpath: //span[normalize-space()='Sign in']]
2021-12-13 13:12:426 INFO  SignInPage :73 - Verify Error : Password is required.[[ChromeDriver: chrome on WINDOWS (6c74bcc4e5382ef6a0950cf3f3103746)] -> xpath: //div[@class='alert alert-danger']//ol]
2021-12-13 13:12:438 INFO  ManageDriver :31 - Launching Chrome Browser
2021-12-13 13:12:773 INFO  HomePage :35 - Clicking on SignIn Link : [[ChromeDriver: chrome on WINDOWS (254cce90949bf157df493aba74d1103b)] -> xpath: //a[normalize-space()='Sign in']]
2021-12-13 13:12:859 INFO  SignInPage :63 - Using wrong Email credential  : adfdfgfg[[ChromeDriver: chrome on WINDOWS (254cce90949bf157df493aba74d1103b)] -> xpath: //input[@id='email']]
2021-12-13 13:12:967 INFO  SignInPage :68 - Using wrong Password credential   : 123456[[ChromeDriver: chrome on WINDOWS (254cce90949bf157df493aba74d1103b)] -> xpath: //input[@id='passwd']]
2021-12-13 13:12:372 INFO  SignInPage :58 - Click SignIn  : [[ChromeDriver: chrome on WINDOWS (254cce90949bf157df493aba74d1103b)] -> xpath: //span[normalize-space()='Sign in']]
2021-12-13 13:12:419 INFO  SignInPage :73 - Verify Error : Invalid email address.[[ChromeDriver: chrome on WINDOWS (254cce90949bf157df493aba74d1103b)] -> xpath: //div[@class='alert alert-danger']//ol]
2021-12-13 13:12:429 INFO  ManageDriver :31 - Launching Chrome Browser
2021-12-13 13:12:67 INFO  HomePage :35 - Clicking on SignIn Link : [[ChromeDriver: chrome on WINDOWS (652684c2e4ffccb63385ebb682d372ac)] -> xpath: //a[normalize-space()='Sign in']]
2021-12-13 13:12:153 INFO  SignInPage :63 - Using wrong Email credential  : abcd@gmail.com[[ChromeDriver: chrome on WINDOWS (652684c2e4ffccb63385ebb682d372ac)] -> xpath: //input[@id='email']]
2021-12-13 13:12:261 INFO  SignInPage :68 - Using wrong Password credential   : 123456[[ChromeDriver: chrome on WINDOWS (652684c2e4ffccb63385ebb682d372ac)] -> xpath: //input[@id='passwd']]
2021-12-13 13:12:36 INFO  SignInPage :58 - Click SignIn  : [[ChromeDriver: chrome on WINDOWS (652684c2e4ffccb63385ebb682d372ac)] -> xpath: //span[normalize-space()='Sign in']]
2021-12-13 13:12:82 INFO  SignInPage :73 - Verify Error : Authentication failed.[[ChromeDriver: chrome on WINDOWS (652684c2e4ffccb63385ebb682d372ac)] -> xpath: //div[@class='alert alert-danger']//ol]
2021-12-13 13:12:752 INFO  ManageDriver :31 - Launching Chrome Browser
2021-12-13 13:12:589 INFO  HomePage :35 - Clicking on SignIn Link : [[ChromeDriver: chrome on WINDOWS (115f51273d3adb131cca09f333a1206d)] -> xpath: //a[normalize-space()='Sign in']]
2021-12-13 13:12:628 INFO  SignInPage :53 - Verify Text displayed  : Authentication[[ChromeDriver: chrome on WINDOWS (115f51273d3adb131cca09f333a1206d)] -> xpath: //h1[normalize-space()='Authentication']]
2021-12-13 13:12:675 INFO  ManageDriver :31 - Launching Chrome Browser
2021-12-13 13:12:182 INFO  HomePage :35 - Clicking on SignIn Link : [[ChromeDriver: chrome on WINDOWS (ca483f69735f754113a073e5d13e3229)] -> xpath: //a[normalize-space()='Sign in']]
2021-12-13 13:12:322 INFO  ManageDriver :31 - Launching Chrome Browser
2021-12-13 13:12:910 INFO  HomePage :35 - Clicking on SignIn Link : [[ChromeDriver: chrome on WINDOWS (fb1c7933a1eb97e97b7c0285f9a34bdd)] -> xpath: //a[normalize-space()='Sign in']]
2021-12-13 14:12:709 INFO  ManageDriver :31 - Launching Chrome Browser
2021-12-13 14:12:940 INFO  HomePage :35 - Clicking on SignIn Link : [[ChromeDriver: chrome on WINDOWS (3a92f8d4c402bf27857b4892baee97cd)] -> xpath: //a[normalize-space()='Sign in']]
2021-12-13 14:12:92 INFO  ManageDriver :31 - Launching Chrome Browser
2021-12-13 14:12:448 INFO  HomePage :35 - Clicking on SignIn Link : [[ChromeDriver: chrome on WINDOWS (72e8d1ff48e74bc6d4e53f6a82cff1fa)] -> xpath: //a[normalize-space()='Sign in']]
2021-12-13 14:12:494 INFO  SignInPage :53 - Verify Text displayed  : Authentication[[ChromeDriver: chrome on WINDOWS (72e8d1ff48e74bc6d4e53f6a82cff1fa)] -> xpath: //h1[normalize-space()='Authentication']]
2021-12-13 14:12:527 INFO  ManageDriver :31 - Launching Chrome Browser
2021-12-13 14:12:991 INFO  HomePage :35 - Clicking on SignIn Link : [[ChromeDriver: chrome on WINDOWS (49d6683f429df6e09d3ea0b5f097eaab)] -> xpath: //a[normalize-space()='Sign in']]
2021-12-13 14:12:64 INFO  SignInPage :63 - Using wrong Email credential  : [[ChromeDriver: chrome on WINDOWS (49d6683f429df6e09d3ea0b5f097eaab)] -> xpath: //input[@id='email']]
2021-12-13 14:12:194 INFO  SignInPage :68 - Using wrong Password credential   : 123456[[ChromeDriver: chrome on WINDOWS (49d6683f429df6e09d3ea0b5f097eaab)] -> xpath: //input[@id='passwd']]
2021-12-13 14:12:130 INFO  SignInPage :58 - Click SignIn  : [[ChromeDriver: chrome on WINDOWS (49d6683f429df6e09d3ea0b5f097eaab)] -> xpath: //span[normalize-space()='Sign in']]
2021-12-13 14:12:178 INFO  SignInPage :73 - Verify Error : An email address required.[[ChromeDriver: chrome on WINDOWS (49d6683f429df6e09d3ea0b5f097eaab)] -> xpath: //div[@class='alert alert-danger']//ol]
2021-12-13 14:12:195 INFO  ManageDriver :31 - Launching Chrome Browser
2021-12-13 14:12:16 INFO  HomePage :35 - Clicking on SignIn Link : [[ChromeDriver: chrome on WINDOWS (8f1577982596a7f3e768ff94bad9ae04)] -> xpath: //a[normalize-space()='Sign in']]
2021-12-13 14:12:123 INFO  SignInPage :63 - Using wrong Email credential  : abcd@gmail.com[[ChromeDriver: chrome on WINDOWS (8f1577982596a7f3e768ff94bad9ae04)] -> xpath: //input[@id='email']]
2021-12-13 14:12:220 INFO  SignInPage :68 - Using wrong Password credential   : [[ChromeDriver: chrome on WINDOWS (8f1577982596a7f3e768ff94bad9ae04)] -> xpath: //input[@id='passwd']]
2021-12-13 14:12:302 INFO  SignInPage :58 - Click SignIn  : [[ChromeDriver: chrome on WINDOWS (8f1577982596a7f3e768ff94bad9ae04)] -> xpath: //span[normalize-space()='Sign in']]
2021-12-13 14:12:350 INFO  SignInPage :73 - Verify Error : Password is required.[[ChromeDriver: chrome on WINDOWS (8f1577982596a7f3e768ff94bad9ae04)] -> xpath: //div[@class='alert alert-danger']//ol]
2021-12-13 14:12:366 INFO  ManageDriver :31 - Launching Chrome Browser
2021-12-13 14:12:627 INFO  HomePage :35 - Clicking on SignIn Link : [[ChromeDriver: chrome on WINDOWS (3fcb6e34f1491509566e5b2ba0d92884)] -> xpath: //a[normalize-space()='Sign in']]
2021-12-13 14:12:716 INFO  SignInPage :63 - Using wrong Email credential  : adfdfgfg[[ChromeDriver: chrome on WINDOWS (3fcb6e34f1491509566e5b2ba0d92884)] -> xpath: //input[@id='email']]
2021-12-13 14:12:837 INFO  SignInPage :68 - Using wrong Password credential   : 123456[[ChromeDriver: chrome on WINDOWS (3fcb6e34f1491509566e5b2ba0d92884)] -> xpath: //input[@id='passwd']]
2021-12-13 14:12:709 INFO  SignInPage :58 - Click SignIn  : [[ChromeDriver: chrome on WINDOWS (3fcb6e34f1491509566e5b2ba0d92884)] -> xpath: //span[normalize-space()='Sign in']]
2021-12-13 14:12:767 INFO  SignInPage :73 - Verify Error : Invalid email address.[[ChromeDriver: chrome on WINDOWS (3fcb6e34f1491509566e5b2ba0d92884)] -> xpath: //div[@class='alert alert-danger']//ol]
2021-12-13 14:12:783 INFO  ManageDriver :31 - Launching Chrome Browser
2021-12-13 14:12:278 INFO  HomePage :35 - Clicking on SignIn Link : [[ChromeDriver: chrome on WINDOWS (a09963b32306af0b257295ff9b05fe3a)] -> xpath: //a[normalize-space()='Sign in']]
2021-12-13 14:12:372 INFO  SignInPage :63 - Using wrong Email credential  : abcd@gmail.com[[ChromeDriver: chrome on WINDOWS (a09963b32306af0b257295ff9b05fe3a)] -> xpath: //input[@id='email']]
2021-12-13 14:12:469 INFO  SignInPage :68 - Using wrong Password credential   : 123456[[ChromeDriver: chrome on WINDOWS (a09963b32306af0b257295ff9b05fe3a)] -> xpath: //input[@id='passwd']]
2021-12-13 14:12:536 INFO  SignInPage :58 - Click SignIn  : [[ChromeDriver: chrome on WINDOWS (a09963b32306af0b257295ff9b05fe3a)] -> xpath: //span[normalize-space()='Sign in']]
2021-12-13 14:12:573 INFO  SignInPage :73 - Verify Error : Authentication failed.[[ChromeDriver: chrome on WINDOWS (a09963b32306af0b257295ff9b05fe3a)] -> xpath: //div[@class='alert alert-danger']//ol]
2021-12-13 14:12:568 INFO  ManageDriver :31 - Launching Chrome Browser
2021-12-13 14:12:840 INFO  HomePage :35 - Clicking on SignIn Link : [[ChromeDriver: chrome on WINDOWS (916c1a07ec1fab23817954d950a953c9)] -> xpath: //a[normalize-space()='Sign in']]
2021-12-13 14:12:932 INFO  SignInPage :103 - Enter Email : bob@yahoo.co.in[[ChromeDriver: chrome on WINDOWS (916c1a07ec1fab23817954d950a953c9)] -> xpath: //input[@id='email_create']]
2021-12-13 14:12:26 INFO  SignInPage :108 - Click create account  : [[ChromeDriver: chrome on WINDOWS (916c1a07ec1fab23817954d950a953c9)] -> xpath: //span[normalize-space()='Create an account']]
2021-12-13 14:12:958 INFO  CreateAccountPage :109 - Enter Firstname : Bob[[ChromeDriver: chrome on WINDOWS (916c1a07ec1fab23817954d950a953c9)] -> id: customer_firstname]
2021-12-13 14:12:53 INFO  CreateAccountPage :113 - Enter Lastname : Alexa[[ChromeDriver: chrome on WINDOWS (916c1a07ec1fab23817954d950a953c9)] -> id: customer_lastname]
2021-12-13 14:12:176 INFO  CreateAccountPage :125 - Send text to Password : Abc1234[[ChromeDriver: chrome on WINDOWS (916c1a07ec1fab23817954d950a953c9)] -> id: passwd]
2021-12-13 14:12:282 INFO  CreateAccountPage :117 - Send text to Firstname : Bob[[ChromeDriver: chrome on WINDOWS (916c1a07ec1fab23817954d950a953c9)] -> id: firstname]
2021-12-13 14:12:383 INFO  CreateAccountPage :121 - Send text to Lastname : Alexa[[ChromeDriver: chrome on WINDOWS (916c1a07ec1fab23817954d950a953c9)] -> id: lastname]
2021-12-13 14:12:565 INFO  CreateAccountPage :78 - Enter Address  : 1, Bond Street[[ChromeDriver: chrome on WINDOWS (916c1a07ec1fab23817954d950a953c9)] -> id: address1]
2021-12-13 14:12:657 INFO  CreateAccountPage :83 - Enter City : london[[ChromeDriver: chrome on WINDOWS (916c1a07ec1fab23817954d950a953c9)] -> id: city]
2021-12-13 14:12:749 INFO  CreateAccountPage :104 - Select state : Alaska[[ChromeDriver: chrome on WINDOWS (916c1a07ec1fab23817954d950a953c9)] -> id: id_state]
2021-12-13 14:12:798 INFO  CreateAccountPage :88 - Enter Zipcode : 12345[[ChromeDriver: chrome on WINDOWS (916c1a07ec1fab23817954d950a953c9)] -> id: id_state]
2021-12-13 14:12:893 INFO  CreateAccountPage :94 - Enter PhoneNumber : 0123456789[[ChromeDriver: chrome on WINDOWS (916c1a07ec1fab23817954d950a953c9)] -> id: phone_mobile]
2021-12-13 14:12:982 INFO  CreateAccountPage :99 - Select Reference : Home[[ChromeDriver: chrome on WINDOWS (916c1a07ec1fab23817954d950a953c9)] -> id: alias]
2021-12-13 14:12:880 INFO  CreateAccountPage :72 - Click register : [[ChromeDriver: chrome on WINDOWS (916c1a07ec1fab23817954d950a953c9)] -> xpath: //span[normalize-space()='Register']]
2021-12-13 14:12:941 INFO  ManageDriver :31 - Launching Chrome Browser
2021-12-13 14:12:749 INFO  HomePage :35 - Clicking on SignIn Link : [[ChromeDriver: chrome on WINDOWS (489ee07a5a5c9607e5240d9ce1f55e96)] -> xpath: //a[normalize-space()='Sign in']]
2021-12-13 14:12:789 INFO  SignInPage :53 - Verify Text displayed  : Authentication[[ChromeDriver: chrome on WINDOWS (489ee07a5a5c9607e5240d9ce1f55e96)] -> xpath: //h1[normalize-space()='Authentication']]
2021-12-13 14:12:805 INFO  ManageDriver :31 - Launching Chrome Browser
2021-12-13 14:12:37 INFO  ManageDriver :31 - Launching Chrome Browser
2021-12-13 14:12:579 INFO  HomePage :35 - Clicking on SignIn Link : [[ChromeDriver: chrome on WINDOWS (4d7f9886fcb19e27eab4d9c5e67c18b9)] -> xpath: //a[normalize-space()='Sign in']]
2021-12-13 14:12:675 INFO  SignInPage :103 - Enter Email : bob@yahoo.co.in[[ChromeDriver: chrome on WINDOWS (4d7f9886fcb19e27eab4d9c5e67c18b9)] -> xpath: //input[@id='email_create']]
2021-12-13 14:12:769 INFO  SignInPage :108 - Click create account  : [[ChromeDriver: chrome on WINDOWS (4d7f9886fcb19e27eab4d9c5e67c18b9)] -> xpath: //span[normalize-space()='Create an account']]
2021-12-13 14:12:436 INFO  CreateAccountPage :109 - Enter Firstname : Bob[[ChromeDriver: chrome on WINDOWS (4d7f9886fcb19e27eab4d9c5e67c18b9)] -> id: customer_firstname]
2021-12-13 14:12:533 INFO  CreateAccountPage :113 - Enter Lastname : Alexa[[ChromeDriver: chrome on WINDOWS (4d7f9886fcb19e27eab4d9c5e67c18b9)] -> id: customer_lastname]
2021-12-13 14:12:650 INFO  CreateAccountPage :125 - Send text to Password : Abc1234[[ChromeDriver: chrome on WINDOWS (4d7f9886fcb19e27eab4d9c5e67c18b9)] -> id: passwd]
2021-12-13 14:12:745 INFO  CreateAccountPage :117 - Send text to Firstname : Bob[[ChromeDriver: chrome on WINDOWS (4d7f9886fcb19e27eab4d9c5e67c18b9)] -> id: firstname]
2021-12-13 14:12:845 INFO  CreateAccountPage :121 - Send text to Lastname : Alexa[[ChromeDriver: chrome on WINDOWS (4d7f9886fcb19e27eab4d9c5e67c18b9)] -> id: lastname]
2021-12-13 14:12:46 INFO  CreateAccountPage :78 - Enter Address  : 1, Bond Street[[ChromeDriver: chrome on WINDOWS (4d7f9886fcb19e27eab4d9c5e67c18b9)] -> id: address1]
2021-12-13 14:12:154 INFO  CreateAccountPage :83 - Enter City : london[[ChromeDriver: chrome on WINDOWS (4d7f9886fcb19e27eab4d9c5e67c18b9)] -> id: city]
2021-12-13 14:12:243 INFO  CreateAccountPage :104 - Select state : Alaska[[ChromeDriver: chrome on WINDOWS (4d7f9886fcb19e27eab4d9c5e67c18b9)] -> id: id_state]
2021-12-13 14:12:290 INFO  CreateAccountPage :88 - Enter Zipcode : 12345[[ChromeDriver: chrome on WINDOWS (4d7f9886fcb19e27eab4d9c5e67c18b9)] -> id: id_state]
2021-12-13 14:12:387 INFO  CreateAccountPage :94 - Enter PhoneNumber : 0123456789[[ChromeDriver: chrome on WINDOWS (4d7f9886fcb19e27eab4d9c5e67c18b9)] -> id: phone_mobile]
2021-12-13 14:12:472 INFO  CreateAccountPage :99 - Select Reference : Home[[ChromeDriver: chrome on WINDOWS (4d7f9886fcb19e27eab4d9c5e67c18b9)] -> id: alias]
2021-12-13 14:12:430 INFO  CreateAccountPage :72 - Click register : [[ChromeDriver: chrome on WINDOWS (4d7f9886fcb19e27eab4d9c5e67c18b9)] -> xpath: //span[normalize-space()='Register']]
2021-12-13 14:12:919 INFO  ManageDriver :31 - Launching Chrome Browser
2021-12-13 14:12:902 INFO  HomePage :35 - Clicking on SignIn Link : [[ChromeDriver: chrome on WINDOWS (d30ce7488a1ecc198b6d9d97f28acd2e)] -> xpath: //a[normalize-space()='Sign in']]
2021-12-13 14:12:18 INFO  SignInPage :103 - Enter Email : bob@yahoo.co.in[[ChromeDriver: chrome on WINDOWS (d30ce7488a1ecc198b6d9d97f28acd2e)] -> xpath: //input[@id='email_create']]
2021-12-13 14:12:95 INFO  SignInPage :108 - Click create account  : [[ChromeDriver: chrome on WINDOWS (d30ce7488a1ecc198b6d9d97f28acd2e)] -> xpath: //span[normalize-space()='Create an account']]
2021-12-13 14:12:160 INFO  CreateAccountPage :109 - Enter Firstname : Bob[[ChromeDriver: chrome on WINDOWS (d30ce7488a1ecc198b6d9d97f28acd2e)] -> id: customer_firstname]
2021-12-13 14:12:254 INFO  CreateAccountPage :113 - Enter Lastname : Alexa[[ChromeDriver: chrome on WINDOWS (d30ce7488a1ecc198b6d9d97f28acd2e)] -> id: customer_lastname]
2021-12-13 14:12:392 INFO  CreateAccountPage :125 - Send text to Password : Abc1234[[ChromeDriver: chrome on WINDOWS (d30ce7488a1ecc198b6d9d97f28acd2e)] -> id: passwd]
2021-12-13 14:12:503 INFO  CreateAccountPage :117 - Send text to Firstname : Bob[[ChromeDriver: chrome on WINDOWS (d30ce7488a1ecc198b6d9d97f28acd2e)] -> id: firstname]
2021-12-13 14:12:612 INFO  CreateAccountPage :121 - Send text to Lastname : Alexa[[ChromeDriver: chrome on WINDOWS (d30ce7488a1ecc198b6d9d97f28acd2e)] -> id: lastname]
2021-12-13 14:12:811 INFO  CreateAccountPage :78 - Enter Address  : 1, Bond Street[[ChromeDriver: chrome on WINDOWS (d30ce7488a1ecc198b6d9d97f28acd2e)] -> id: address1]
2021-12-13 14:12:910 INFO  CreateAccountPage :83 - Enter City : london[[ChromeDriver: chrome on WINDOWS (d30ce7488a1ecc198b6d9d97f28acd2e)] -> id: city]
2021-12-13 14:12:12 INFO  CreateAccountPage :104 - Select state : Alaska[[ChromeDriver: chrome on WINDOWS (d30ce7488a1ecc198b6d9d97f28acd2e)] -> id: id_state]
2021-12-13 14:12:57 INFO  CreateAccountPage :88 - Enter Zipcode : 11111[[ChromeDriver: chrome on WINDOWS (d30ce7488a1ecc198b6d9d97f28acd2e)] -> id: id_state]
2021-12-13 14:12:141 INFO  CreateAccountPage :94 - Enter PhoneNumber : 0123456789[[ChromeDriver: chrome on WINDOWS (d30ce7488a1ecc198b6d9d97f28acd2e)] -> id: phone_mobile]
2021-12-13 14:12:214 INFO  CreateAccountPage :99 - Select Reference : Home[[ChromeDriver: chrome on WINDOWS (d30ce7488a1ecc198b6d9d97f28acd2e)] -> id: alias]
2021-12-13 14:12:774 INFO  CreateAccountPage :72 - Click register : [[ChromeDriver: chrome on WINDOWS (d30ce7488a1ecc198b6d9d97f28acd2e)] -> xpath: //span[normalize-space()='Register']]
2021-12-13 14:12:331 INFO  ManageDriver :31 - Launching Chrome Browser
2021-12-13 14:12:153 INFO  HomePage :35 - Clicking on SignIn Link : [[ChromeDriver: chrome on WINDOWS (9550ae2dbca0aff1cae0ca3a8a42009b)] -> xpath: //a[normalize-space()='Sign in']]
2021-12-13 14:12:288 INFO  SignInPage :103 - Enter Email : bob@yahoo.co.in[[ChromeDriver: chrome on WINDOWS (9550ae2dbca0aff1cae0ca3a8a42009b)] -> xpath: //input[@id='email_create']]
2021-12-13 14:12:395 INFO  SignInPage :108 - Click create account  : [[ChromeDriver: chrome on WINDOWS (9550ae2dbca0aff1cae0ca3a8a42009b)] -> xpath: //span[normalize-space()='Create an account']]
2021-12-13 14:12:42 INFO  CreateAccountPage :109 - Enter Firstname : Bob[[ChromeDriver: chrome on WINDOWS (9550ae2dbca0aff1cae0ca3a8a42009b)] -> id: customer_firstname]
2021-12-13 14:12:163 INFO  CreateAccountPage :113 - Enter Lastname : Alexa[[ChromeDriver: chrome on WINDOWS (9550ae2dbca0aff1cae0ca3a8a42009b)] -> id: customer_lastname]
2021-12-13 14:12:371 INFO  CreateAccountPage :125 - Send text to Password : Abc1234[[ChromeDriver: chrome on WINDOWS (9550ae2dbca0aff1cae0ca3a8a42009b)] -> id: passwd]
2021-12-13 14:12:619 INFO  CreateAccountPage :117 - Send text to Firstname : Bob[[ChromeDriver: chrome on WINDOWS (9550ae2dbca0aff1cae0ca3a8a42009b)] -> id: firstname]
2021-12-13 14:12:731 INFO  CreateAccountPage :121 - Send text to Lastname : Alexa[[ChromeDriver: chrome on WINDOWS (9550ae2dbca0aff1cae0ca3a8a42009b)] -> id: lastname]
2021-12-13 14:12:867 INFO  CreateAccountPage :78 - Enter Address  : 1, Bond Street[[ChromeDriver: chrome on WINDOWS (9550ae2dbca0aff1cae0ca3a8a42009b)] -> id: address1]
2021-12-13 14:12:01 INFO  CreateAccountPage :83 - Enter City : london[[ChromeDriver: chrome on WINDOWS (9550ae2dbca0aff1cae0ca3a8a42009b)] -> id: city]
2021-12-13 14:12:108 INFO  CreateAccountPage :104 - Select state : Alaska[[ChromeDriver: chrome on WINDOWS (9550ae2dbca0aff1cae0ca3a8a42009b)] -> id: id_state]
2021-12-13 14:12:218 INFO  CreateAccountPage :88 - Enter Zipcode : 11111[[ChromeDriver: chrome on WINDOWS (9550ae2dbca0aff1cae0ca3a8a42009b)] -> id: postcode]
2021-12-13 14:12:337 INFO  CreateAccountPage :94 - Enter PhoneNumber : 0123456789[[ChromeDriver: chrome on WINDOWS (9550ae2dbca0aff1cae0ca3a8a42009b)] -> id: phone_mobile]
2021-12-13 14:12:445 INFO  CreateAccountPage :99 - Select Reference : Home[[ChromeDriver: chrome on WINDOWS (9550ae2dbca0aff1cae0ca3a8a42009b)] -> id: alias]
2021-12-13 14:12:516 INFO  CreateAccountPage :72 - Click register : [[ChromeDriver: chrome on WINDOWS (9550ae2dbca0aff1cae0ca3a8a42009b)] -> xpath: //span[normalize-space()='Register']]
2021-12-13 14:12:560 INFO  CreateAccountPage :129 - Verify Text displayed  : MY ACCOUNT[[ChromeDriver: chrome on WINDOWS (9550ae2dbca0aff1cae0ca3a8a42009b)] -> xpath: //h1[contains(text(),'My account')]]
2021-12-13 14:12:702 INFO  ManageDriver :31 - Launching Chrome Browser
2021-12-13 14:12:19 INFO  WomenCategoryPage :28 - Verify Women Text Women[[ChromeDriver: chrome on WINDOWS (7176a2c1a0f822606c23c0fac636e372)] -> xpath:  //h2[normalize-space()='Women']]
2021-12-13 15:12:300 INFO  ManageDriver :31 - Launching Chrome Browser
2021-12-13 15:12:01 INFO  WomenCategoryPage :28 - Verify Women Text Women[[ChromeDriver: chrome on WINDOWS (89b1c3ff2e0d71d0a48e0276c6f1d7a5)] -> xpath:  //h2[normalize-space()='Women']]
2021-12-13 15:12:45 INFO  ManageDriver :31 - Launching Chrome Browser
2021-12-13 15:12:139 INFO  WomenCategoryPage :33 - Click Product list : Blouse[[ChromeDriver: chrome on WINDOWS (f4175c7954d443f02d320e8d39d2b1f8)] -> xpath: //a[@class='product-name']]
2021-12-13 15:12:241 INFO  ProductPage :52 - Add Quantity : 2[[ChromeDriver: chrome on WINDOWS (f4175c7954d443f02d320e8d39d2b1f8)] -> xpath: //input[@id='quantity_wanted']]
2021-12-13 15:12:351 INFO  ProductPage :56 - Select Size : M[[ChromeDriver: chrome on WINDOWS (f4175c7954d443f02d320e8d39d2b1f8)] -> xpath: //select[@id='group_1']]
2021-12-13 15:12:459 INFO  ProductPage :60 - Select Colour : White[[ChromeDriver: chrome on WINDOWS (f4175c7954d443f02d320e8d39d2b1f8)] -> class: attribute_list]
2021-12-13 15:12:582 INFO  ProductPage :48 - Click Add to cart  : [[ChromeDriver: chrome on WINDOWS (f4175c7954d443f02d320e8d39d2b1f8)] -> xpath: //button[@name='Submit']]
2021-12-13 15:12:619 INFO  ProductPage :44 - Verify PopUp Msg : Product successfully added to your shopping cart[[ChromeDriver: chrome on WINDOWS (f4175c7954d443f02d320e8d39d2b1f8)] -> xpath: //h2[normalize-space()='Product successfully added to your shopping cart']]
2021-12-13 15:12:356 INFO  ProductPage :64 - Close PopUp : [[ChromeDriver: chrome on WINDOWS (f4175c7954d443f02d320e8d39d2b1f8)] -> xpath: //span[@title='Close window']]
2021-12-13 15:12:378 INFO  ManageDriver :31 - Launching Chrome Browser
2021-12-13 15:12:118 INFO  WomenCategoryPage :33 - Click Product list : Printed Dress[[ChromeDriver: chrome on WINDOWS (cd1c126827c6b255322bd6642c38a589)] -> xpath: //a[@class='product-name']]
2021-12-13 15:12:206 INFO  ProductPage :52 - Add Quantity : 3[[ChromeDriver: chrome on WINDOWS (cd1c126827c6b255322bd6642c38a589)] -> xpath: //input[@id='quantity_wanted']]
2021-12-13 15:12:309 INFO  ProductPage :56 - Select Size : L[[ChromeDriver: chrome on WINDOWS (cd1c126827c6b255322bd6642c38a589)] -> xpath: //select[@id='group_1']]
2021-12-13 15:12:406 INFO  ProductPage :60 - Select Colour : Orange[[ChromeDriver: chrome on WINDOWS (cd1c126827c6b255322bd6642c38a589)] -> class: attribute_list]
2021-12-13 15:12:527 INFO  ProductPage :48 - Click Add to cart  : [[ChromeDriver: chrome on WINDOWS (cd1c126827c6b255322bd6642c38a589)] -> xpath: //button[@name='Submit']]
2021-12-13 15:12:569 INFO  ProductPage :44 - Verify PopUp Msg : Product successfully added to your shopping cart[[ChromeDriver: chrome on WINDOWS (cd1c126827c6b255322bd6642c38a589)] -> xpath: //h2[normalize-space()='Product successfully added to your shopping cart']]
2021-12-13 15:12:556 INFO  ProductPage :64 - Close PopUp : [[ChromeDriver: chrome on WINDOWS (cd1c126827c6b255322bd6642c38a589)] -> xpath: //span[@title='Close window']]
2021-12-13 15:12:581 INFO  ManageDriver :31 - Launching Chrome Browser
2021-12-13 15:12:536 INFO  WomenCategoryPage :33 - Click Product list : Printed Chiffon Dress[[ChromeDriver: chrome on WINDOWS (391e785605d6cced77a76307d5d83726)] -> xpath: //a[@class='product-name']]
2021-12-13 15:12:637 INFO  ProductPage :52 - Add Quantity : 4[[ChromeDriver: chrome on WINDOWS (391e785605d6cced77a76307d5d83726)] -> xpath: //input[@id='quantity_wanted']]
2021-12-13 15:12:691 INFO  ProductPage :56 - Select Size : S[[ChromeDriver: chrome on WINDOWS (391e785605d6cced77a76307d5d83726)] -> xpath: //select[@id='group_1']]
2021-12-13 15:12:781 INFO  ProductPage :60 - Select Colour : Green[[ChromeDriver: chrome on WINDOWS (391e785605d6cced77a76307d5d83726)] -> class: attribute_list]
2021-12-13 15:12:878 INFO  ProductPage :48 - Click Add to cart  : [[ChromeDriver: chrome on WINDOWS (391e785605d6cced77a76307d5d83726)] -> xpath: //button[@name='Submit']]
2021-12-13 15:12:912 INFO  ProductPage :44 - Verify PopUp Msg : Product successfully added to your shopping cart[[ChromeDriver: chrome on WINDOWS (391e785605d6cced77a76307d5d83726)] -> xpath: //h2[normalize-space()='Product successfully added to your shopping cart']]
2021-12-13 15:12:178 INFO  ProductPage :64 - Close PopUp : [[ChromeDriver: chrome on WINDOWS (391e785605d6cced77a76307d5d83726)] -> xpath: //span[@title='Close window']]
2021-12-13 15:12:203 INFO  ManageDriver :31 - Launching Chrome Browser
2021-12-13 15:12:495 INFO  WomenCategoryPage :33 - Click Product list : Printed Summer Dress with Price $28.98[[ChromeDriver: chrome on WINDOWS (ee4a7f21a3f1e03aeb5c004e90658d5b)] -> xpath: //a[@class='product-name']]
2021-12-13 15:12:576 INFO  ProductPage :52 - Add Quantity : 2[[ChromeDriver: chrome on WINDOWS (ee4a7f21a3f1e03aeb5c004e90658d5b)] -> xpath: //input[@id='quantity_wanted']]
2021-12-13 15:12:687 INFO  ProductPage :56 - Select Size : M[[ChromeDriver: chrome on WINDOWS (ee4a7f21a3f1e03aeb5c004e90658d5b)] -> xpath: //select[@id='group_1']]
2021-12-13 15:12:786 INFO  ProductPage :60 - Select Colour : Blue[[ChromeDriver: chrome on WINDOWS (ee4a7f21a3f1e03aeb5c004e90658d5b)] -> class: attribute_list]
2021-12-13 15:12:908 INFO  ProductPage :48 - Click Add to cart  : [[ChromeDriver: chrome on WINDOWS (ee4a7f21a3f1e03aeb5c004e90658d5b)] -> xpath: //button[@name='Submit']]
2021-12-13 15:12:947 INFO  ProductPage :44 - Verify PopUp Msg : Product successfully added to your shopping cart[[ChromeDriver: chrome on WINDOWS (ee4a7f21a3f1e03aeb5c004e90658d5b)] -> xpath: //h2[normalize-space()='Product successfully added to your shopping cart']]
2021-12-13 15:12:94 INFO  ProductPage :64 - Close PopUp : [[ChromeDriver: chrome on WINDOWS (ee4a7f21a3f1e03aeb5c004e90658d5b)] -> xpath: //span[@title='Close window']]
2021-12-14 19:12:107 INFO  ManageDriver :31 - Launching Chrome Browser
2021-12-14 19:12:258 INFO  HomePage :35 - Clicking on SignIn Link : [[ChromeDriver: chrome on WINDOWS (db393b411405ed648b5e1aff4befb65c)] -> xpath: //a[normalize-space()='Sign in']]
2021-12-14 19:12:323 INFO  SignInPage :53 - Verify Text displayed  : Authentication[[ChromeDriver: chrome on WINDOWS (db393b411405ed648b5e1aff4befb65c)] -> xpath: //h1[normalize-space()='Authentication']]
2021-12-14 19:12:380 INFO  ManageDriver :31 - Launching Chrome Browser
2021-12-14 19:12:393 INFO  HomePage :35 - Clicking on SignIn Link : [[ChromeDriver: chrome on WINDOWS (c26372503e95ce7f401753d9ccd38a76)] -> xpath: //a[normalize-space()='Sign in']]
2021-12-14 19:12:518 INFO  SignInPage :63 - Using wrong Email credential  : [[ChromeDriver: chrome on WINDOWS (c26372503e95ce7f401753d9ccd38a76)] -> xpath: //input[@id='email']]
2021-12-14 19:12:685 INFO  SignInPage :68 - Using wrong Password credential   : 123456[[ChromeDriver: chrome on WINDOWS (c26372503e95ce7f401753d9ccd38a76)] -> xpath: //input[@id='passwd']]
2021-12-14 19:12:780 INFO  SignInPage :58 - Click SignIn  : [[ChromeDriver: chrome on WINDOWS (c26372503e95ce7f401753d9ccd38a76)] -> xpath: //span[normalize-space()='Sign in']]
2021-12-14 19:12:839 INFO  SignInPage :73 - Verify Error : An email address required.[[ChromeDriver: chrome on WINDOWS (c26372503e95ce7f401753d9ccd38a76)] -> xpath: //div[@class='alert alert-danger']//ol]
2021-12-14 19:12:873 INFO  ManageDriver :31 - Launching Chrome Browser
2021-12-14 19:12:928 INFO  HomePage :35 - Clicking on SignIn Link : [[ChromeDriver: chrome on WINDOWS (b2a6af0a5215476f82a6a1238a1b7979)] -> xpath: //a[normalize-space()='Sign in']]
2021-12-14 19:12:117 INFO  SignInPage :63 - Using wrong Email credential  : abcd@gmail.com[[ChromeDriver: chrome on WINDOWS (b2a6af0a5215476f82a6a1238a1b7979)] -> xpath: //input[@id='email']]
2021-12-14 19:12:270 INFO  SignInPage :68 - Using wrong Password credential   : [[ChromeDriver: chrome on WINDOWS (b2a6af0a5215476f82a6a1238a1b7979)] -> xpath: //input[@id='passwd']]
2021-12-14 19:12:244 INFO  SignInPage :58 - Click SignIn  : [[ChromeDriver: chrome on WINDOWS (b2a6af0a5215476f82a6a1238a1b7979)] -> xpath: //span[normalize-space()='Sign in']]
2021-12-14 19:12:297 INFO  SignInPage :73 - Verify Error : Password is required.[[ChromeDriver: chrome on WINDOWS (b2a6af0a5215476f82a6a1238a1b7979)] -> xpath: //div[@class='alert alert-danger']//ol]
2021-12-14 19:12:334 INFO  ManageDriver :31 - Launching Chrome Browser
2021-12-14 19:12:973 INFO  HomePage :35 - Clicking on SignIn Link : [[ChromeDriver: chrome on WINDOWS (1a5c84dea22ddcfd0e52abaf63a62621)] -> xpath: //a[normalize-space()='Sign in']]
2021-12-14 19:12:101 INFO  SignInPage :63 - Using wrong Email credential  : adfdfgfg[[ChromeDriver: chrome on WINDOWS (1a5c84dea22ddcfd0e52abaf63a62621)] -> xpath: //input[@id='email']]
2021-12-14 19:12:256 INFO  SignInPage :68 - Using wrong Password credential   : 123456[[ChromeDriver: chrome on WINDOWS (1a5c84dea22ddcfd0e52abaf63a62621)] -> xpath: //input[@id='passwd']]
2021-12-14 19:12:805 INFO  SignInPage :58 - Click SignIn  : [[ChromeDriver: chrome on WINDOWS (1a5c84dea22ddcfd0e52abaf63a62621)] -> xpath: //span[normalize-space()='Sign in']]
2021-12-14 19:12:870 INFO  SignInPage :73 - Verify Error : Invalid email address.[[ChromeDriver: chrome on WINDOWS (1a5c84dea22ddcfd0e52abaf63a62621)] -> xpath: //div[@class='alert alert-danger']//ol]
2021-12-14 19:12:905 INFO  ManageDriver :31 - Launching Chrome Browser
2021-12-14 19:12:24 INFO  HomePage :35 - Clicking on SignIn Link : [[ChromeDriver: chrome on WINDOWS (47fefc7206fe091df39f9de7149137c5)] -> xpath: //a[normalize-space()='Sign in']]
2021-12-14 19:12:177 INFO  SignInPage :63 - Using wrong Email credential  : abcd@gmail.com[[ChromeDriver: chrome on WINDOWS (47fefc7206fe091df39f9de7149137c5)] -> xpath: //input[@id='email']]
2021-12-14 19:12:331 INFO  SignInPage :68 - Using wrong Password credential   : 123456[[ChromeDriver: chrome on WINDOWS (47fefc7206fe091df39f9de7149137c5)] -> xpath: //input[@id='passwd']]
2021-12-14 19:12:426 INFO  SignInPage :58 - Click SignIn  : [[ChromeDriver: chrome on WINDOWS (47fefc7206fe091df39f9de7149137c5)] -> xpath: //span[normalize-space()='Sign in']]
2021-12-14 19:12:480 INFO  SignInPage :73 - Verify Error : Authentication failed.[[ChromeDriver: chrome on WINDOWS (47fefc7206fe091df39f9de7149137c5)] -> xpath: //div[@class='alert alert-danger']//ol]
2021-12-14 19:12:508 INFO  ManageDriver :31 - Launching Chrome Browser
2021-12-14 19:12:595 INFO  HomePage :35 - Clicking on SignIn Link : [[ChromeDriver: chrome on WINDOWS (a4c74110711c28e7cf5956c03683d787)] -> xpath: //a[normalize-space()='Sign in']]
2021-12-14 19:12:09 INFO  SignInPage :78 - Send Email : bobalexa@gmail.com[[ChromeDriver: chrome on WINDOWS (a4c74110711c28e7cf5956c03683d787)] -> xpath: //input[@id='email']]
2021-12-14 19:12:202 INFO  SignInPage :83 - Send Password : Abc1234[[ChromeDriver: chrome on WINDOWS (a4c74110711c28e7cf5956c03683d787)] -> xpath: //input[@id='passwd']]
2021-12-14 19:12:841 INFO  SignInPage :58 - Click SignIn  : [[ChromeDriver: chrome on WINDOWS (a4c74110711c28e7cf5956c03683d787)] -> xpath: //span[normalize-space()='Sign in']]
2021-12-14 19:12:958 INFO  SignInPage :88 - Verify SignOut link  : [[ChromeDriver: chrome on WINDOWS (a4c74110711c28e7cf5956c03683d787)] -> xpath: //a[@title='Log me out']]
2021-12-14 19:12:00 INFO  ManageDriver :31 - Launching Chrome Browser
2021-12-14 19:12:814 INFO  HomePage :35 - Clicking on SignIn Link : [[ChromeDriver: chrome on WINDOWS (e9eec6ee70d437157cde5bf998711d1b)] -> xpath: //a[normalize-space()='Sign in']]
2021-12-14 19:12:54 INFO  SignInPage :78 - Send Email : bobalexa@gmail.com[[ChromeDriver: chrome on WINDOWS (e9eec6ee70d437157cde5bf998711d1b)] -> xpath: //input[@id='email']]
2021-12-14 19:12:228 INFO  SignInPage :83 - Send Password : Abc1234[[ChromeDriver: chrome on WINDOWS (e9eec6ee70d437157cde5bf998711d1b)] -> xpath: //input[@id='passwd']]
2021-12-14 19:12:577 INFO  SignInPage :58 - Click SignIn  : [[ChromeDriver: chrome on WINDOWS (e9eec6ee70d437157cde5bf998711d1b)] -> xpath: //span[normalize-space()='Sign in']]
2021-12-14 19:12:250 INFO  SignInPage :93 - Click SignOut link : [[ChromeDriver: chrome on WINDOWS (e9eec6ee70d437157cde5bf998711d1b)] -> xpath: //a[@title='Log me out']]
2021-12-14 19:12:508 INFO  ManageDriver :31 - Launching Chrome Browser
2021-12-14 19:12:511 INFO  HomePage :35 - Clicking on SignIn Link : [[ChromeDriver: chrome on WINDOWS (fe7fc38bef7779e4b60b0a34036bafd7)] -> xpath: //a[normalize-space()='Sign in']]
2021-12-14 19:12:575 INFO  SignInPage :53 - Verify Text displayed  : Authentication[[ChromeDriver: chrome on WINDOWS (fe7fc38bef7779e4b60b0a34036bafd7)] -> xpath: //h1[normalize-space()='Authentication']]
2021-12-14 19:12:623 INFO  ManageDriver :31 - Launching Chrome Browser
2021-12-14 19:12:813 INFO  HomePage :35 - Clicking on SignIn Link : [[ChromeDriver: chrome on WINDOWS (74687b9132f03b9c981c39972286eaea)] -> xpath: //a[normalize-space()='Sign in']]
2021-12-14 19:12:944 INFO  SignInPage :63 - Using wrong Email credential  : [[ChromeDriver: chrome on WINDOWS (74687b9132f03b9c981c39972286eaea)] -> xpath: //input[@id='email']]
2021-12-14 19:12:88 INFO  SignInPage :68 - Using wrong Password credential   : 123456[[ChromeDriver: chrome on WINDOWS (74687b9132f03b9c981c39972286eaea)] -> xpath: //input[@id='passwd']]
2021-12-14 19:12:997 INFO  SignInPage :58 - Click SignIn  : [[ChromeDriver: chrome on WINDOWS (74687b9132f03b9c981c39972286eaea)] -> xpath: //span[normalize-space()='Sign in']]
2021-12-14 19:12:70 INFO  SignInPage :73 - Verify Error : An email address required.[[ChromeDriver: chrome on WINDOWS (74687b9132f03b9c981c39972286eaea)] -> xpath: //div[@class='alert alert-danger']//ol]
2021-12-14 19:12:112 INFO  ManageDriver :31 - Launching Chrome Browser
2021-12-14 19:12:31 INFO  HomePage :35 - Clicking on SignIn Link : [[ChromeDriver: chrome on WINDOWS (2a14bb9c914d9125eacff11537018c49)] -> xpath: //a[normalize-space()='Sign in']]
2021-12-14 19:12:169 INFO  SignInPage :63 - Using wrong Email credential  : abcd@gmail.com[[ChromeDriver: chrome on WINDOWS (2a14bb9c914d9125eacff11537018c49)] -> xpath: //input[@id='email']]
2021-12-14 19:12:324 INFO  SignInPage :68 - Using wrong Password credential   : [[ChromeDriver: chrome on WINDOWS (2a14bb9c914d9125eacff11537018c49)] -> xpath: //input[@id='passwd']]
2021-12-14 19:12:183 INFO  SignInPage :58 - Click SignIn  : [[ChromeDriver: chrome on WINDOWS (2a14bb9c914d9125eacff11537018c49)] -> xpath: //span[normalize-space()='Sign in']]
2021-12-14 19:12:254 INFO  SignInPage :73 - Verify Error : Password is required.[[ChromeDriver: chrome on WINDOWS (2a14bb9c914d9125eacff11537018c49)] -> xpath: //div[@class='alert alert-danger']//ol]
2021-12-14 19:12:287 INFO  ManageDriver :31 - Launching Chrome Browser
2021-12-14 19:12:389 INFO  HomePage :35 - Clicking on SignIn Link : [[ChromeDriver: chrome on WINDOWS (3d99c4dfe6472c447e4897f910815d37)] -> xpath: //a[normalize-space()='Sign in']]
2021-12-14 19:12:527 INFO  SignInPage :63 - Using wrong Email credential  : adfdfgfg[[ChromeDriver: chrome on WINDOWS (3d99c4dfe6472c447e4897f910815d37)] -> xpath: //input[@id='email']]
2021-12-14 19:12:686 INFO  SignInPage :68 - Using wrong Password credential   : 123456[[ChromeDriver: chrome on WINDOWS (3d99c4dfe6472c447e4897f910815d37)] -> xpath: //input[@id='passwd']]
2021-12-14 19:12:734 INFO  SignInPage :58 - Click SignIn  : [[ChromeDriver: chrome on WINDOWS (3d99c4dfe6472c447e4897f910815d37)] -> xpath: //span[normalize-space()='Sign in']]
2021-12-14 19:12:803 INFO  SignInPage :73 - Verify Error : Invalid email address.[[ChromeDriver: chrome on WINDOWS (3d99c4dfe6472c447e4897f910815d37)] -> xpath: //div[@class='alert alert-danger']//ol]
2021-12-14 19:12:836 INFO  ManageDriver :31 - Launching Chrome Browser
2021-12-14 19:12:622 INFO  HomePage :35 - Clicking on SignIn Link : [[ChromeDriver: chrome on WINDOWS (d5fa899f5d318e6b93ba101a87e3148d)] -> xpath: //a[normalize-space()='Sign in']]
2021-12-14 19:12:769 INFO  SignInPage :63 - Using wrong Email credential  : abcd@gmail.com[[ChromeDriver: chrome on WINDOWS (d5fa899f5d318e6b93ba101a87e3148d)] -> xpath: //input[@id='email']]
2021-12-14 19:12:926 INFO  SignInPage :68 - Using wrong Password credential   : 123456[[ChromeDriver: chrome on WINDOWS (d5fa899f5d318e6b93ba101a87e3148d)] -> xpath: //input[@id='passwd']]
2021-12-14 19:12:874 INFO  SignInPage :58 - Click SignIn  : [[ChromeDriver: chrome on WINDOWS (d5fa899f5d318e6b93ba101a87e3148d)] -> xpath: //span[normalize-space()='Sign in']]
2021-12-14 19:12:938 INFO  SignInPage :73 - Verify Error : Authentication failed.[[ChromeDriver: chrome on WINDOWS (d5fa899f5d318e6b93ba101a87e3148d)] -> xpath: //div[@class='alert alert-danger']//ol]
2021-12-14 19:12:975 INFO  ManageDriver :31 - Launching Chrome Browser
2021-12-14 19:12:522 INFO  HomePage :35 - Clicking on SignIn Link : [[ChromeDriver: chrome on WINDOWS (6e23433b043862da6460911b82c61605)] -> xpath: //a[normalize-space()='Sign in']]
2021-12-14 19:12:740 INFO  SignInPage :78 - Send Email : bobalexa@gmail.com[[ChromeDriver: chrome on WINDOWS (6e23433b043862da6460911b82c61605)] -> xpath: //input[@id='email']]
2021-12-14 19:12:948 INFO  SignInPage :83 - Send Password : Abc1234[[ChromeDriver: chrome on WINDOWS (6e23433b043862da6460911b82c61605)] -> xpath: //input[@id='passwd']]
2021-12-14 19:12:335 INFO  SignInPage :58 - Click SignIn  : [[ChromeDriver: chrome on WINDOWS (6e23433b043862da6460911b82c61605)] -> xpath: //span[normalize-space()='Sign in']]
2021-12-14 19:12:471 INFO  SignInPage :88 - Verify SignOut link  : [[ChromeDriver: chrome on WINDOWS (6e23433b043862da6460911b82c61605)] -> xpath: //a[@title='Log me out']]
2021-12-14 19:12:497 INFO  ManageDriver :31 - Launching Chrome Browser
2021-12-14 19:12:831 INFO  HomePage :35 - Clicking on SignIn Link : [[ChromeDriver: chrome on WINDOWS (bf77649bf61643ae2a259221d740a95d)] -> xpath: //a[normalize-space()='Sign in']]
2021-12-14 19:12:77 INFO  SignInPage :78 - Send Email : bobalexa@gmail.com[[ChromeDriver: chrome on WINDOWS (bf77649bf61643ae2a259221d740a95d)] -> xpath: //input[@id='email']]
2021-12-14 19:12:296 INFO  SignInPage :83 - Send Password : Abc1234[[ChromeDriver: chrome on WINDOWS (bf77649bf61643ae2a259221d740a95d)] -> xpath: //input[@id='passwd']]
2021-12-14 19:12:418 INFO  SignInPage :58 - Click SignIn  : [[ChromeDriver: chrome on WINDOWS (bf77649bf61643ae2a259221d740a95d)] -> xpath: //span[normalize-space()='Sign in']]
2021-12-14 19:12:398 INFO  SignInPage :93 - Click SignOut link : [[ChromeDriver: chrome on WINDOWS (bf77649bf61643ae2a259221d740a95d)] -> xpath: //a[@title='Log me out']]
2021-12-14 19:12:323 INFO  ManageDriver :31 - Launching Chrome Browser
2021-12-14 19:12:172 INFO  HomePage :35 - Clicking on SignIn Link : [[ChromeDriver: chrome on WINDOWS (6c9ff725784c1fad9f678b23f3dffadb)] -> xpath: //a[normalize-space()='Sign in']]
2021-12-14 19:12:347 INFO  SignInPage :53 - Verify Text displayed  : Authentication[[ChromeDriver: chrome on WINDOWS (6c9ff725784c1fad9f678b23f3dffadb)] -> xpath: //h1[normalize-space()='Authentication']]
2021-12-14 19:12:454 INFO  ManageDriver :31 - Launching Chrome Browser
2021-12-14 19:12:96 INFO  HomePage :35 - Clicking on SignIn Link : [[ChromeDriver: chrome on WINDOWS (c30f20a919f9d05dfa7f1bb9fdcadd25)] -> xpath: //a[normalize-space()='Sign in']]
2021-12-14 19:12:485 INFO  SignInPage :63 - Using wrong Email credential  : [[ChromeDriver: chrome on WINDOWS (c30f20a919f9d05dfa7f1bb9fdcadd25)] -> xpath: //input[@id='email']]
2021-12-14 19:12:846 INFO  SignInPage :68 - Using wrong Password credential   : 123456[[ChromeDriver: chrome on WINDOWS (c30f20a919f9d05dfa7f1bb9fdcadd25)] -> xpath: //input[@id='passwd']]
2021-12-14 19:12:817 INFO  SignInPage :58 - Click SignIn  : [[ChromeDriver: chrome on WINDOWS (c30f20a919f9d05dfa7f1bb9fdcadd25)] -> xpath: //span[normalize-space()='Sign in']]
2021-12-14 19:12:939 INFO  SignInPage :73 - Verify Error : An email address required.[[ChromeDriver: chrome on WINDOWS (c30f20a919f9d05dfa7f1bb9fdcadd25)] -> xpath: //div[@class='alert alert-danger']//ol]
2021-12-14 19:12:52 INFO  ManageDriver :31 - Launching Chrome Browser
2021-12-14 19:12:127 INFO  HomePage :35 - Clicking on SignIn Link : [[ChromeDriver: chrome on WINDOWS (a2463a0fb19d65039854e9ec69281672)] -> xpath: //a[normalize-space()='Sign in']]
2021-12-14 19:12:420 INFO  SignInPage :63 - Using wrong Email credential  : abcd@gmail.com[[ChromeDriver: chrome on WINDOWS (a2463a0fb19d65039854e9ec69281672)] -> xpath: //input[@id='email']]
2021-12-14 19:12:787 INFO  SignInPage :68 - Using wrong Password credential   : [[ChromeDriver: chrome on WINDOWS (a2463a0fb19d65039854e9ec69281672)] -> xpath: //input[@id='passwd']]
2021-12-14 19:12:786 INFO  SignInPage :58 - Click SignIn  : [[ChromeDriver: chrome on WINDOWS (a2463a0fb19d65039854e9ec69281672)] -> xpath: //span[normalize-space()='Sign in']]
2021-12-14 19:12:882 INFO  SignInPage :73 - Verify Error : Password is required.[[ChromeDriver: chrome on WINDOWS (a2463a0fb19d65039854e9ec69281672)] -> xpath: //div[@class='alert alert-danger']//ol]
2021-12-14 19:12:935 INFO  ManageDriver :31 - Launching Chrome Browser
2021-12-14 19:12:992 INFO  HomePage :35 - Clicking on SignIn Link : [[ChromeDriver: chrome on WINDOWS (b2b00f9577c7b0470cdd964eb4ed8703)] -> xpath: //a[normalize-space()='Sign in']]
2021-12-14 19:12:313 INFO  SignInPage :63 - Using wrong Email credential  : adfdfgfg[[ChromeDriver: chrome on WINDOWS (b2b00f9577c7b0470cdd964eb4ed8703)] -> xpath: //input[@id='email']]
2021-12-14 19:12:662 INFO  SignInPage :68 - Using wrong Password credential   : 123456[[ChromeDriver: chrome on WINDOWS (b2b00f9577c7b0470cdd964eb4ed8703)] -> xpath: //input[@id='passwd']]
2021-12-14 19:12:131 INFO  SignInPage :58 - Click SignIn  : [[ChromeDriver: chrome on WINDOWS (b2b00f9577c7b0470cdd964eb4ed8703)] -> xpath: //span[normalize-space()='Sign in']]
2021-12-14 19:12:224 INFO  SignInPage :73 - Verify Error : Invalid email address.[[ChromeDriver: chrome on WINDOWS (b2b00f9577c7b0470cdd964eb4ed8703)] -> xpath: //div[@class='alert alert-danger']//ol]
2021-12-14 19:12:260 INFO  ManageDriver :31 - Launching Chrome Browser
2021-12-14 19:12:769 INFO  HomePage :35 - Clicking on SignIn Link : [[ChromeDriver: chrome on WINDOWS (03971c256b72499156005fe351860616)] -> xpath: //a[normalize-space()='Sign in']]
2021-12-14 19:12:979 INFO  SignInPage :63 - Using wrong Email credential  : abcd@gmail.com[[ChromeDriver: chrome on WINDOWS (03971c256b72499156005fe351860616)] -> xpath: //input[@id='email']]
2021-12-14 19:12:216 INFO  SignInPage :68 - Using wrong Password credential   : 123456[[ChromeDriver: chrome on WINDOWS (03971c256b72499156005fe351860616)] -> xpath: //input[@id='passwd']]
2021-12-14 19:12:304 INFO  SignInPage :58 - Click SignIn  : [[ChromeDriver: chrome on WINDOWS (03971c256b72499156005fe351860616)] -> xpath: //span[normalize-space()='Sign in']]
2021-12-14 19:12:367 INFO  SignInPage :73 - Verify Error : Authentication failed.[[ChromeDriver: chrome on WINDOWS (03971c256b72499156005fe351860616)] -> xpath: //div[@class='alert alert-danger']//ol]
2021-12-14 19:12:395 INFO  ManageDriver :31 - Launching Chrome Browser
2021-12-14 19:12:351 INFO  HomePage :35 - Clicking on SignIn Link : [[ChromeDriver: chrome on WINDOWS (33ea82e5007618b09ea49330c583ed35)] -> xpath: //a[normalize-space()='Sign in']]
2021-12-14 19:12:627 INFO  SignInPage :78 - Send Email : bobalexa@gmail.com[[ChromeDriver: chrome on WINDOWS (33ea82e5007618b09ea49330c583ed35)] -> xpath: //input[@id='email']]
2021-12-14 19:12:849 INFO  SignInPage :83 - Send Password : Abc1234[[ChromeDriver: chrome on WINDOWS (33ea82e5007618b09ea49330c583ed35)] -> xpath: //input[@id='passwd']]
2021-12-14 19:12:783 INFO  SignInPage :58 - Click SignIn  : [[ChromeDriver: chrome on WINDOWS (33ea82e5007618b09ea49330c583ed35)] -> xpath: //span[normalize-space()='Sign in']]
2021-12-14 19:12:919 INFO  SignInPage :88 - Verify SignOut link  : [[ChromeDriver: chrome on WINDOWS (33ea82e5007618b09ea49330c583ed35)] -> xpath: //a[@title='Log me out']]
2021-12-14 19:12:960 INFO  ManageDriver :31 - Launching Chrome Browser
2021-12-14 19:12:715 INFO  HomePage :35 - Clicking on SignIn Link : [[ChromeDriver: chrome on WINDOWS (b41d9c6c394dc322b217ec40b3fc9b36)] -> xpath: //a[normalize-space()='Sign in']]
2021-12-14 19:12:965 INFO  SignInPage :78 - Send Email : bobalexa@gmail.com[[ChromeDriver: chrome on WINDOWS (b41d9c6c394dc322b217ec40b3fc9b36)] -> xpath: //input[@id='email']]
2021-12-14 19:12:235 INFO  SignInPage :83 - Send Password : Abc1234[[ChromeDriver: chrome on WINDOWS (b41d9c6c394dc322b217ec40b3fc9b36)] -> xpath: //input[@id='passwd']]
2021-12-14 19:12:994 INFO  SignInPage :58 - Click SignIn  : [[ChromeDriver: chrome on WINDOWS (b41d9c6c394dc322b217ec40b3fc9b36)] -> xpath: //span[normalize-space()='Sign in']]
2021-12-14 19:12:140 INFO  SignInPage :93 - Click SignOut link : [[ChromeDriver: chrome on WINDOWS (b41d9c6c394dc322b217ec40b3fc9b36)] -> xpath: //a[@title='Log me out']]
2021-12-14 20:12:527 INFO  ManageDriver :31 - Launching Chrome Browser
2021-12-14 20:12:62 INFO  HomePage :35 - Clicking on SignIn Link : [[ChromeDriver: chrome on WINDOWS (ce12c70b4dadd3b2dcc6add7a3fd94fc)] -> xpath: //a[normalize-space()='Sign in']]
2021-12-14 20:12:135 INFO  SignInPage :53 - Verify Text displayed  : Authentication[[ChromeDriver: chrome on WINDOWS (ce12c70b4dadd3b2dcc6add7a3fd94fc)] -> xpath: //h1[normalize-space()='Authentication']]
2021-12-14 20:12:185 INFO  ManageDriver :31 - Launching Chrome Browser
2021-12-14 20:12:109 INFO  HomePage :35 - Clicking on SignIn Link : [[ChromeDriver: chrome on WINDOWS (72ed282ca49b772e9128bf96e9f7a561)] -> xpath: //a[normalize-space()='Sign in']]
2021-12-14 20:12:270 INFO  SignInPage :63 - Using wrong Email credential  : [[ChromeDriver: chrome on WINDOWS (72ed282ca49b772e9128bf96e9f7a561)] -> xpath: //input[@id='email']]
2021-12-14 20:12:588 INFO  SignInPage :68 - Using wrong Password credential   : 123456[[ChromeDriver: chrome on WINDOWS (72ed282ca49b772e9128bf96e9f7a561)] -> xpath: //input[@id='passwd']]
2021-12-14 20:12:129 INFO  SignInPage :58 - Click SignIn  : [[ChromeDriver: chrome on WINDOWS (72ed282ca49b772e9128bf96e9f7a561)] -> xpath: //span[normalize-space()='Sign in']]
2021-12-14 20:12:244 INFO  SignInPage :73 - Verify Error : An email address required.[[ChromeDriver: chrome on WINDOWS (72ed282ca49b772e9128bf96e9f7a561)] -> xpath: //div[@class='alert alert-danger']//ol]
2021-12-14 20:12:306 INFO  ManageDriver :31 - Launching Chrome Browser
2021-12-14 20:12:995 INFO  HomePage :35 - Clicking on SignIn Link : [[ChromeDriver: chrome on WINDOWS (b8994783352909985001d60c59b42eea)] -> xpath: //a[normalize-space()='Sign in']]
2021-12-14 20:12:220 INFO  SignInPage :63 - Using wrong Email credential  : abcd@gmail.com[[ChromeDriver: chrome on WINDOWS (b8994783352909985001d60c59b42eea)] -> xpath: //input[@id='email']]
2021-12-14 20:12:422 INFO  SignInPage :68 - Using wrong Password credential   : [[ChromeDriver: chrome on WINDOWS (b8994783352909985001d60c59b42eea)] -> xpath: //input[@id='passwd']]
2021-12-14 20:12:462 INFO  SignInPage :58 - Click SignIn  : [[ChromeDriver: chrome on WINDOWS (b8994783352909985001d60c59b42eea)] -> xpath: //span[normalize-space()='Sign in']]
2021-12-14 20:12:517 INFO  SignInPage :73 - Verify Error : Password is required.[[ChromeDriver: chrome on WINDOWS (b8994783352909985001d60c59b42eea)] -> xpath: //div[@class='alert alert-danger']//ol]
2021-12-14 20:12:553 INFO  ManageDriver :31 - Launching Chrome Browser
2021-12-14 20:12:913 INFO  HomePage :35 - Clicking on SignIn Link : [[ChromeDriver: chrome on WINDOWS (cab97dcdc3575f5163bd3864c1fd1af3)] -> xpath: //a[normalize-space()='Sign in']]
2021-12-14 20:12:53 INFO  SignInPage :63 - Using wrong Email credential  : adfdfgfg[[ChromeDriver: chrome on WINDOWS (cab97dcdc3575f5163bd3864c1fd1af3)] -> xpath: //input[@id='email']]
2021-12-14 20:12:256 INFO  SignInPage :68 - Using wrong Password credential   : 123456[[ChromeDriver: chrome on WINDOWS (cab97dcdc3575f5163bd3864c1fd1af3)] -> xpath: //input[@id='passwd']]
2021-12-14 20:12:332 INFO  SignInPage :58 - Click SignIn  : [[ChromeDriver: chrome on WINDOWS (cab97dcdc3575f5163bd3864c1fd1af3)] -> xpath: //span[normalize-space()='Sign in']]
2021-12-14 20:12:405 INFO  SignInPage :73 - Verify Error : Invalid email address.[[ChromeDriver: chrome on WINDOWS (cab97dcdc3575f5163bd3864c1fd1af3)] -> xpath: //div[@class='alert alert-danger']//ol]
2021-12-14 20:12:450 INFO  ManageDriver :31 - Launching Chrome Browser
2021-12-14 20:12:118 INFO  HomePage :35 - Clicking on SignIn Link : [[ChromeDriver: chrome on WINDOWS (8543700d6d37dc3170397f28fb9be967)] -> xpath: //a[normalize-space()='Sign in']]
2021-12-14 20:12:389 INFO  SignInPage :63 - Using wrong Email credential  : abcd@gmail.com[[ChromeDriver: chrome on WINDOWS (8543700d6d37dc3170397f28fb9be967)] -> xpath: //input[@id='email']]
2021-12-14 20:12:579 INFO  SignInPage :68 - Using wrong Password credential   : 123456[[ChromeDriver: chrome on WINDOWS (8543700d6d37dc3170397f28fb9be967)] -> xpath: //input[@id='passwd']]
2021-12-14 20:12:625 INFO  SignInPage :58 - Click SignIn  : [[ChromeDriver: chrome on WINDOWS (8543700d6d37dc3170397f28fb9be967)] -> xpath: //span[normalize-space()='Sign in']]
2021-12-14 20:12:703 INFO  SignInPage :73 - Verify Error : Authentication failed.[[ChromeDriver: chrome on WINDOWS (8543700d6d37dc3170397f28fb9be967)] -> xpath: //div[@class='alert alert-danger']//ol]
2021-12-14 20:12:736 INFO  ManageDriver :31 - Launching Chrome Browser
2021-12-14 20:12:679 INFO  HomePage :35 - Clicking on SignIn Link : [[ChromeDriver: chrome on WINDOWS (7005191c9a9a48f66b775ca921ed76bb)] -> xpath: //a[normalize-space()='Sign in']]
2021-12-14 20:12:906 INFO  SignInPage :78 - Send Email : bobalexa@gmail.com[[ChromeDriver: chrome on WINDOWS (7005191c9a9a48f66b775ca921ed76bb)] -> xpath: //input[@id='email']]
2021-12-14 20:12:103 INFO  SignInPage :83 - Send Password : Abc1234[[ChromeDriver: chrome on WINDOWS (7005191c9a9a48f66b775ca921ed76bb)] -> xpath: //input[@id='passwd']]
2021-12-14 20:12:734 INFO  SignInPage :58 - Click SignIn  : [[ChromeDriver: chrome on WINDOWS (7005191c9a9a48f66b775ca921ed76bb)] -> xpath: //span[normalize-space()='Sign in']]
2021-12-14 20:12:865 INFO  SignInPage :88 - Verify SignOut link  : [[ChromeDriver: chrome on WINDOWS (7005191c9a9a48f66b775ca921ed76bb)] -> xpath: //a[@title='Log me out']]
2021-12-14 20:12:901 INFO  ManageDriver :31 - Launching Chrome Browser
2021-12-14 20:12:256 INFO  HomePage :35 - Clicking on SignIn Link : [[ChromeDriver: chrome on WINDOWS (48d7b2505bb5a71f495fd59f23858eed)] -> xpath: //a[normalize-space()='Sign in']]
2021-12-14 20:12:505 INFO  SignInPage :78 - Send Email : bobalexa@gmail.com[[ChromeDriver: chrome on WINDOWS (48d7b2505bb5a71f495fd59f23858eed)] -> xpath: //input[@id='email']]
2021-12-14 20:12:761 INFO  SignInPage :83 - Send Password : Abc1234[[ChromeDriver: chrome on WINDOWS (48d7b2505bb5a71f495fd59f23858eed)] -> xpath: //input[@id='passwd']]
2021-12-14 20:12:289 INFO  SignInPage :58 - Click SignIn  : [[ChromeDriver: chrome on WINDOWS (48d7b2505bb5a71f495fd59f23858eed)] -> xpath: //span[normalize-space()='Sign in']]
2021-12-14 20:12:188 INFO  SignInPage :93 - Click SignOut link : [[ChromeDriver: chrome on WINDOWS (48d7b2505bb5a71f495fd59f23858eed)] -> xpath: //a[@title='Log me out']]
2021-12-14 20:12:316 INFO  SignInPage :98 - Verify SignIn link : [[ChromeDriver: chrome on WINDOWS (48d7b2505bb5a71f495fd59f23858eed)] -> xpath: //span[normalize-space()='Sign in']]
